c:\users\josiah\desktop\coding\wxwidgets-\further\gui_wxwidgets\x64\debug\vc143.pdb
c:\users\josiah\desktop\coding\wxwidgets-\further\gui_wxwidgets\x64\debug\vc143.idb
c:\users\josiah\desktop\coding\wxwidgets-\further\gui_wxwidgets\x64\debug\cmain.obj
c:\users\josiah\desktop\coding\wxwidgets-\further\gui_wxwidgets\x64\debug\ceditorframe.obj
c:\users\josiah\desktop\coding\wxwidgets-\further\gui_wxwidgets\x64\debug\ccanvas.obj
c:\users\josiah\desktop\coding\wxwidgets-\further\gui_wxwidgets\x64\debug\capp.obj
c:\users\josiah\desktop\coding\wxwidgets-paint\paint\gui_wxwidgets\x64\debug\vc143.pdb
c:\users\josiah\desktop\coding\wxwidgets-paint\paint\gui_wxwidgets\x64\debug\vc143.idb
c:\users\josiah\desktop\coding\wxwidgets-paint\paint\gui_wxwidgets\x64\debug\cmain.obj
c:\users\josiah\desktop\coding\wxwidgets-paint\paint\gui_wxwidgets\x64\debug\ceditorframe.obj
c:\users\josiah\desktop\coding\wxwidgets-paint\paint\gui_wxwidgets\x64\debug\ccanvas.obj
c:\users\josiah\desktop\coding\wxwidgets-paint\paint\gui_wxwidgets\x64\debug\capp.obj
c:\users\josiah\desktop\coding\wxwidgets-paint\paint\gui_wxwidgets\x64\debug\gui_wxwidgets.pdb
c:\users\josiah\desktop\coding\wxwidgets-paint\paint\gui_wxwidgets\x64\debug\gui_wxwidgets.tlog\cl.command.1.tlog
c:\users\josiah\desktop\coding\wxwidgets-paint\paint\gui_wxwidgets\x64\debug\gui_wxwidgets.tlog\cl.read.1.tlog
c:\users\josiah\desktop\coding\wxwidgets-paint\paint\gui_wxwidgets\x64\debug\gui_wxwidgets.tlog\cl.write.1.tlog
c:\users\josiah\desktop\coding\wxwidgets-paint\paint\gui_wxwidgets\x64\debug\gui_wxwidgets.tlog\link-cvtres.read.1.tlog
c:\users\josiah\desktop\coding\wxwidgets-paint\paint\gui_wxwidgets\x64\debug\gui_wxwidgets.tlog\link-cvtres.write.1.tlog
c:\users\josiah\desktop\coding\wxwidgets-paint\paint\gui_wxwidgets\x64\debug\gui_wxwidgets.tlog\link-rc.read.1.tlog
c:\users\josiah\desktop\coding\wxwidgets-paint\paint\gui_wxwidgets\x64\debug\gui_wxwidgets.tlog\link-rc.write.1.tlog
c:\users\josiah\desktop\coding\wxwidgets-paint\paint\gui_wxwidgets\x64\debug\gui_wxwidgets.tlog\link.command.1.tlog
c:\users\josiah\desktop\coding\wxwidgets-paint\paint\gui_wxwidgets\x64\debug\gui_wxwidgets.tlog\link.read.1.tlog
c:\users\josiah\desktop\coding\wxwidgets-paint\paint\gui_wxwidgets\x64\debug\gui_wxwidgets.tlog\link.read.2.tlog
c:\users\josiah\desktop\coding\wxwidgets-paint\paint\gui_wxwidgets\x64\debug\gui_wxwidgets.tlog\link.write.1.tlog
