c:\users\josiah\desktop\coding\wxwidgets-\further\gui_wxwidgets\release\vc143.pdb
c:\users\josiah\desktop\coding\wxwidgets-\further\gui_wxwidgets\release\cmain.obj
c:\users\josiah\desktop\coding\wxwidgets-\further\gui_wxwidgets\release\ceditorframe.obj
c:\users\josiah\desktop\coding\wxwidgets-\further\gui_wxwidgets\release\ccanvas.obj
c:\users\josiah\desktop\coding\wxwidgets-\further\gui_wxwidgets\release\capp.obj
c:\users\josiah\desktop\coding\wxwidgets-paint\paint\gui_wxwidgets\release\vc143.pdb
c:\users\josiah\desktop\coding\wxwidgets-paint\paint\gui_wxwidgets\release\cmain.obj
c:\users\josiah\desktop\coding\wxwidgets-paint\paint\gui_wxwidgets\release\ceditorframe.obj
c:\users\josiah\desktop\coding\wxwidgets-paint\paint\gui_wxwidgets\release\ccanvas.obj
c:\users\josiah\desktop\coding\wxwidgets-paint\paint\gui_wxwidgets\release\capp.obj
c:\users\josiah\desktop\coding\wxwidgets-\further\gui_wxwidgets\release\gui_wxwidgets.ipdb
c:\users\josiah\desktop\coding\wxwidgets-\further\gui_wxwidgets\release\gui_wxwidgets.iobj
c:\users\josiah\desktop\coding\wxwidgets-paint\paint\gui_wxwidgets\release\gui_wxwidgets.ipdb
c:\users\josiah\desktop\coding\wxwidgets-paint\paint\gui_wxwidgets\release\gui_wxwidgets.iobj
c:\users\josiah\desktop\coding\wxwidgets-\further\gui_wxwidgets\release\gui_wxwidgets.exe
c:\users\josiah\desktop\coding\wxwidgets-\further\gui_wxwidgets\release\gui_wxwidgets.pdb
c:\users\josiah\desktop\coding\wxwidgets-paint\paint\gui_wxwidgets\release\gui_wxwidgets.exe
c:\users\josiah\desktop\coding\wxwidgets-paint\paint\gui_wxwidgets\release\gui_wxwidgets.pdb
c:\users\josiah\desktop\coding\wxwidgets-paint\paint\gui_wxwidgets\release\gui_wxwidgets.tlog\cl.command.1.tlog
c:\users\josiah\desktop\coding\wxwidgets-paint\paint\gui_wxwidgets\release\gui_wxwidgets.tlog\cl.read.1.tlog
c:\users\josiah\desktop\coding\wxwidgets-paint\paint\gui_wxwidgets\release\gui_wxwidgets.tlog\cl.write.1.tlog
c:\users\josiah\desktop\coding\wxwidgets-paint\paint\gui_wxwidgets\release\gui_wxwidgets.tlog\gui_wxwidgets.write.1u.tlog
c:\users\josiah\desktop\coding\wxwidgets-paint\paint\gui_wxwidgets\release\gui_wxwidgets.tlog\link.command.1.tlog
c:\users\josiah\desktop\coding\wxwidgets-paint\paint\gui_wxwidgets\release\gui_wxwidgets.tlog\link.read.1.tlog
c:\users\josiah\desktop\coding\wxwidgets-paint\paint\gui_wxwidgets\release\gui_wxwidgets.tlog\link.write.1.tlog
